<?xml version="1.0" encoding="UTF-8"?>
<!-- Generated by org.testng.reporters.JUnitReportReporter -->
<testsuite skipped="0" hostname="DESKTOP-OP8JG8F" name="com.qa.acti.base.DriverScript" tests="1" failures="0" timestamp="2021-08-18T11:04:20 EDT" time="7.632" errors="0">
  <testcase name="initApplication" time="7.632" classname="com.qa.acti.base.DriverScript"/>
  <system-out/>
</testsuite> <!-- com.qa.acti.base.DriverScript -->
